<?xml version="1.0" encoding="UTF-8"?>
<!-- Generated by org.testng.reporters.JUnitReportReporter -->
<testsuite hostname="DESKTOP-1A0K5DH" failures="0" tests="1" name="com.testng.interview.practice.TestngAnnotation" time="0.005" errors="0" timestamp="2022-12-17T12:14:43 EST" skipped="0">
  <testcase classname="com.testng.interview.practice.TestngAnnotation" name="getsalary" time="0.005"/>
  <system-out/>
</testsuite> <!-- com.testng.interview.practice.TestngAnnotation -->
