<?xml version="1.0" encoding="UTF-8"?>
<!-- Generated by org.testng.reporters.JUnitReportReporter -->
<testsuite hostname="DESKTOP-1A0K5DH" failures="0" tests="3" name="com.testng.interview.practice.SmokeTestWithTestNG" time="0.014" errors="0" timestamp="2022-12-17T10:47:20 EST" skipped="0">
  <testcase classname="com.testng.interview.practice.SmokeTestWithTestNG" name="test3" time="0.003"/>
  <system-out/>
  <testcase classname="com.testng.interview.practice.SmokeTestWithTestNG" name="test2" time="0.002"/>
  <system-out/>
  <testcase classname="com.testng.interview.practice.SmokeTestWithTestNG" name="test1" time="0.009"/>
  <system-out/>
</testsuite> <!-- com.testng.interview.practice.SmokeTestWithTestNG -->
