<?xml version="1.0" encoding="UTF-8"?>
<!-- Generated by org.testng.reporters.JUnitReportReporter -->
<testsuite hostname="DESKTOP-1A0K5DH" failures="0" tests="1" name="com.cucumber.test.CucumberRunner" time="14.879" errors="0" timestamp="2023-01-09T21:30:42 EST" skipped="0">
  <testcase classname="com.cucumber.test.CucumberRunner" name="runScenario" time="14.879"/>
  <system-out/>
</testsuite> <!-- com.cucumber.test.CucumberRunner -->
