<?xml version="1.0" encoding="UTF-8"?>
<!-- Generated by org.testng.reporters.JUnitReportReporter -->
<testsuite hostname="DESKTOP-1A0K5DH" failures="0" tests="1" name="com.generic.CostcoWithTestNG" time="0.002" errors="0" timestamp="2022-12-17T14:02:36 EST" skipped="0">
  <testcase classname="com.generic.CostcoWithTestNG" name="loginTest" time="0.002"/>
  <system-out/>
</testsuite> <!-- com.generic.CostcoWithTestNG -->
