<?xml version="1.0" encoding="UTF-8"?>
<!-- Generated by org.testng.reporters.JUnitReportReporter -->
<testsuite hostname="DESKTOP-1A0K5DH" failures="0" tests="3" name="com.regression.SmokeTestWithTestNG" time="0.010" errors="0" timestamp="2022-12-17T12:14:43 EST" skipped="2">
  <testcase classname="com.regression.SmokeTestWithTestNG" name="test1" time="0.010"/>
  <system-out/>
  <testcase classname="com.regression.SmokeTestWithTestNG" name="test3">
    <skipped/>
  </testcase> <!-- test3 -->
  <system-out/>
  <testcase classname="com.regression.SmokeTestWithTestNG" name="test2">
    <skipped/>
  </testcase> <!-- test2 -->
  <system-out/>
</testsuite> <!-- com.regression.SmokeTestWithTestNG -->
